<?xml version="1.0" encoding="UTF-8"?>
<!-- Generated by org.testng.reporters.JUnitReportReporter -->
<testsuite hostname="DESKTOP-4O90F4N" failures="0" tests="1" name="tests.DMS_Configuration_TestClass" time="130.864" errors="0" timestamp="2023-12-22T15:35:11 IST" skipped="0">
  <testcase classname="tests.DMS_Configuration_TestClass" name="uploadDocuments_Test" time="130.864">
    <system-out>
      <![CDATA[<b>----- Documents Upload Report -----</b><br>
Single Document uploading Report : with and without indexing</br>
While Upload Without Indexing:: </br>
Indexed Files :  0
Indexed Files View
Unindexed Files :  3
Un-Indexed Files View
Found multiple masters for following files :

Upload more files?
NOYES</br>]]>
    </system-out>
  </testcase> <!-- uploadDocuments_Test -->
  <system-out>
    <![CDATA[<b>----- Documents Upload Report -----</b><br>
Single Document uploading Report : with and without indexing</br>
While Upload Without Indexing:: </br>
Indexed Files :  0
Indexed Files View
Unindexed Files :  3
Un-Indexed Files View
Found multiple masters for following files :

Upload more files?
NOYES</br>]]>
  </system-out>
</testsuite> <!-- tests.DMS_Configuration_TestClass -->
